{"contracts/Raffle.sol":{"l":{"59":3,"60":3,"61":3,"62":3,"63":3,"64":3,"65":3,"66":3,"73":5,"75":1,"77":4,"78":1,"80":3,"81":3,"100":1,"101":1,"102":1,"103":1,"104":1,"105":1,"113":1,"114":1,"115":0,"121":1,"122":1,"129":1,"140":0,"141":0,"142":0,"143":0,"144":0,"145":0,"148":0,"149":0,"151":0,"157":1,"161":0,"166":0,"170":0,"174":1,"178":0,"182":5,"186":5,"190":0},"path":"/Users/gray/Desktop/hardhat-smartcontract-lottery-fcc/contracts/Raffle.sol","s":{"1":5,"2":4,"3":3,"4":3,"5":1,"6":1,"7":1,"8":1,"9":1,"10":1,"11":1,"12":1,"13":1,"14":0,"15":0,"16":0,"17":0,"18":1,"19":0,"20":0,"21":0,"22":1,"23":0,"24":5,"25":5,"26":0},"b":{"1":[1,4],"2":[1,3],"3":[0,1],"4":[0,0]},"f":{"1":3,"2":5,"3":1,"4":1,"5":0,"6":1,"7":0,"8":0,"9":0,"10":1,"11":0,"12":5,"13":5,"14":0},"fnMap":{"1":{"name":"constructor","line":58,"loc":{"start":{"line":51,"column":4},"end":{"line":67,"column":4}}},"2":{"name":"enterRaffle","line":72,"loc":{"start":{"line":72,"column":4},"end":{"line":82,"column":4}}},"3":{"name":"checkUpkeep","line":92,"loc":{"start":{"line":92,"column":4},"end":{"line":106,"column":4}}},"4":{"name":"performUpkeep","line":112,"loc":{"start":{"line":112,"column":4},"end":{"line":130,"column":4}}},"5":{"name":"fulfillRandomWords","line":136,"loc":{"start":{"line":136,"column":4},"end":{"line":152,"column":4}}},"6":{"name":"getRaffleState","line":156,"loc":{"start":{"line":156,"column":4},"end":{"line":158,"column":4}}},"7":{"name":"getNumWords","line":160,"loc":{"start":{"line":160,"column":4},"end":{"line":162,"column":4}}},"8":{"name":"getRequestConfirmations","line":165,"loc":{"start":{"line":165,"column":4},"end":{"line":167,"column":4}}},"9":{"name":"getRecentWinner","line":169,"loc":{"start":{"line":169,"column":4},"end":{"line":171,"column":4}}},"10":{"name":"getPlayer","line":173,"loc":{"start":{"line":173,"column":4},"end":{"line":175,"column":4}}},"11":{"name":"getLastTimeStamp","line":177,"loc":{"start":{"line":177,"column":4},"end":{"line":179,"column":4}}},"12":{"name":"getInterval","line":181,"loc":{"start":{"line":181,"column":4},"end":{"line":183,"column":4}}},"13":{"name":"getEntranceFee","line":185,"loc":{"start":{"line":185,"column":4},"end":{"line":187,"column":4}}},"14":{"name":"getNumberOfPlayers","line":189,"loc":{"start":{"line":189,"column":4},"end":{"line":191,"column":4}}}},"statementMap":{"1":{"start":{"line":73,"column":8},"end":{"line":73,"column":2582}},"2":{"start":{"line":77,"column":8},"end":{"line":77,"column":2716}},"3":{"start":{"line":80,"column":8},"end":{"line":80,"column":42}},"4":{"start":{"line":81,"column":8},"end":{"line":81,"column":36}},"5":{"start":{"line":100,"column":8},"end":{"line":100,"column":55}},"6":{"start":{"line":101,"column":8},"end":{"line":101,"column":76}},"7":{"start":{"line":102,"column":8},"end":{"line":102,"column":46}},"8":{"start":{"line":103,"column":8},"end":{"line":103,"column":51}},"9":{"start":{"line":105,"column":8},"end":{"line":105,"column":36}},"10":{"start":{"line":113,"column":8},"end":{"line":113,"column":47}},"11":{"start":{"line":114,"column":8},"end":{"line":114,"column":4098}},"12":{"start":{"line":122,"column":8},"end":{"line":122,"column":4358}},"13":{"start":{"line":129,"column":8},"end":{"line":129,"column":43}},"14":{"start":{"line":140,"column":8},"end":{"line":140,"column":65}},"15":{"start":{"line":145,"column":8},"end":{"line":145,"column":5210}},"16":{"start":{"line":148,"column":8},"end":{"line":148,"column":5313}},"17":{"start":{"line":151,"column":8},"end":{"line":151,"column":41}},"18":{"start":{"line":157,"column":8},"end":{"line":157,"column":28}},"19":{"start":{"line":161,"column":8},"end":{"line":161,"column":24}},"20":{"start":{"line":166,"column":8},"end":{"line":166,"column":36}},"21":{"start":{"line":170,"column":8},"end":{"line":170,"column":29}},"22":{"start":{"line":174,"column":8},"end":{"line":174,"column":31}},"23":{"start":{"line":178,"column":8},"end":{"line":178,"column":30}},"24":{"start":{"line":182,"column":8},"end":{"line":182,"column":25}},"25":{"start":{"line":186,"column":8},"end":{"line":186,"column":28}},"26":{"start":{"line":190,"column":8},"end":{"line":190,"column":31}}},"branchMap":{"1":{"line":73,"type":"if","locations":[{"start":{"line":73,"column":8},"end":{"line":73,"column":8}},{"start":{"line":73,"column":8},"end":{"line":73,"column":8}}]},"2":{"line":77,"type":"if","locations":[{"start":{"line":77,"column":8},"end":{"line":77,"column":8}},{"start":{"line":77,"column":8},"end":{"line":77,"column":8}}]},"3":{"line":114,"type":"if","locations":[{"start":{"line":114,"column":8},"end":{"line":114,"column":8}},{"start":{"line":114,"column":8},"end":{"line":114,"column":8}}]},"4":{"line":148,"type":"if","locations":[{"start":{"line":148,"column":8},"end":{"line":148,"column":8}},{"start":{"line":148,"column":8},"end":{"line":148,"column":8}}]}}},"contracts/test/VRFCoordinatorV2Mock.sol":{"l":{},"path":"/Users/gray/Desktop/hardhat-smartcontract-lottery-fcc/contracts/test/VRFCoordinatorV2Mock.sol","s":{},"b":{},"f":{},"fnMap":{},"statementMap":{},"branchMap":{}}}