TN:
SF:/Users/gray/Desktop/hardhat-smartcontract-lottery-fcc/contracts/Raffle.sol
FN:58,constructor
FN:72,enterRaffle
FN:92,checkUpkeep
FN:112,performUpkeep
FN:136,fulfillRandomWords
FN:156,getRaffleState
FN:160,getNumWords
FN:165,getRequestConfirmations
FN:169,getRecentWinner
FN:173,getPlayer
FN:177,getLastTimeStamp
FN:181,getInterval
FN:185,getEntranceFee
FN:189,getNumberOfPlayers
FNF:14
FNH:8
FNDA:3,constructor
FNDA:5,enterRaffle
FNDA:1,checkUpkeep
FNDA:1,performUpkeep
FNDA:0,fulfillRandomWords
FNDA:1,getRaffleState
FNDA:0,getNumWords
FNDA:0,getRequestConfirmations
FNDA:0,getRecentWinner
FNDA:1,getPlayer
FNDA:0,getLastTimeStamp
FNDA:5,getInterval
FNDA:5,getEntranceFee
FNDA:0,getNumberOfPlayers
DA:59,3
DA:60,3
DA:61,3
DA:62,3
DA:63,3
DA:64,3
DA:65,3
DA:66,3
DA:73,5
DA:75,1
DA:77,4
DA:78,1
DA:80,3
DA:81,3
DA:100,1
DA:101,1
DA:102,1
DA:103,1
DA:104,1
DA:105,1
DA:113,1
DA:114,1
DA:115,0
DA:121,1
DA:122,1
DA:129,1
DA:140,0
DA:141,0
DA:142,0
DA:143,0
DA:144,0
DA:145,0
DA:148,0
DA:149,0
DA:151,0
DA:157,1
DA:161,0
DA:166,0
DA:170,0
DA:174,1
DA:178,0
DA:182,5
DA:186,5
DA:190,0
LF:44
LH:29
BRDA:73,1,0,1
BRDA:73,1,1,4
BRDA:77,2,0,1
BRDA:77,2,1,3
BRDA:114,3,0,0
BRDA:114,3,1,1
BRDA:148,4,0,0
BRDA:148,4,1,0
BRF:8
BRH:5
end_of_record
TN:
SF:/Users/gray/Desktop/hardhat-smartcontract-lottery-fcc/contracts/test/VRFCoordinatorV2Mock.sol
FNF:0
FNH:0
LF:0
LH:0
BRF:0
BRH:0
end_of_record
